-------------------------------------------------------------------------------
Test set: ro.musiclover.manicureappointments.ApplicationTests
-------------------------------------------------------------------------------
Tests run: 1, Failures: 0, Errors: 1, Skipped: 0, Time elapsed: 10.96 s <<< FAILURE! - in ro.musiclover.manicureappointments.ApplicationTests
contextLoads  Time elapsed: 0.169 s  <<< ERROR!
java.lang.IllegalStateException: Failed to load ApplicationContext
Caused by: org.springframework.beans.factory.UnsatisfiedDependencyException: Error creating bean with name 'manicuristController' defined in file [C:\Users\Andreea\Documents\Manicure_Appointments_Spring\target\classes\ro\musiclover\manicureappointments\controller\ManicuristController.class]: Unsatisfied dependency expressed through constructor parameter 0; nested exception is org.springframework.beans.factory.UnsatisfiedDependencyException: Error creating bean with name 'manicuristService' defined in file [C:\Users\Andreea\Documents\Manicure_Appointments_Spring\target\classes\ro\musiclover\manicureappointments\service\implementation\ManicuristService.class]: Unsatisfied dependency expressed through constructor parameter 1; nested exception is org.springframework.beans.factory.NoSuchBeanDefinitionException: No qualifying bean of type 'ro.musiclover.manicureappointments.mapper.manicurist.ManicuristMapper' available: expected at least 1 bean which qualifies as autowire candidate. Dependency annotations: {}
Caused by: org.springframework.beans.factory.UnsatisfiedDependencyException: Error creating bean with name 'manicuristService' defined in file [C:\Users\Andreea\Documents\Manicure_Appointments_Spring\target\classes\ro\musiclover\manicureappointments\service\implementation\ManicuristService.class]: Unsatisfied dependency expressed through constructor parameter 1; nested exception is org.springframework.beans.factory.NoSuchBeanDefinitionException: No qualifying bean of type 'ro.musiclover.manicureappointments.mapper.manicurist.ManicuristMapper' available: expected at least 1 bean which qualifies as autowire candidate. Dependency annotations: {}
Caused by: org.springframework.beans.factory.NoSuchBeanDefinitionException: No qualifying bean of type 'ro.musiclover.manicureappointments.mapper.manicurist.ManicuristMapper' available: expected at least 1 bean which qualifies as autowire candidate. Dependency annotations: {}

